D1216 13:24:40.363 4342 main.cpp:81] db url: mysql://root:root@localhost:3306/db
E1216 13:24:40.363 4347 urls_table_handler.cpp:20] [MYSQL] Task failed with error: URI Parse Failed
F1216 13:40:51.305] SIGSEGV: segmentation fault
D1216 13:41:08.359 12150 main.cpp:80] db url: mysql://root:root@localhost:3306/db
E1216 13:41:08.359 12155 urls_table_handler.cpp:20] [MYSQL] Task failed with error: URI Parse Failed
F1216 13:41:28.861] SIGSEGV: segmentation fault
D1216 13:41:40.239 12473 main.cpp:80] db url: mysql://root:root@localhost:3306/db
E1216 13:41:40.239 12478 urls_table_handler.cpp:20] [MYSQL] Task failed with error: URI Parse Failed
D1216 13:42:14.270 12747 main.cpp:80] db url: mysql://root:root@localhost:3306/db
E1216 13:42:14.270 12752 urls_table_handler.cpp:20] [MYSQL] Task failed with error: URI Parse Failed
F1216 13:45:33.206] SIGSEGV: segmentation fault
D1216 13:45:40.047 13815 main.cpp:80] db url: mysql://root:root@localhost:3306/db
E1216 13:45:40.047 13820 urls_table_handler.cpp:20] [MYSQL] Task failed with error: URI Parse Failed
D1216 13:45:57.664 14298 main.cpp:80] db url: mysql://root:root@localhost:3306/db
E1216 13:45:57.664 14303 urls_table_handler.cpp:20] [MYSQL] Task failed with error: URI Parse Failed
D1216 13:52:59.650 19386 main.cpp:80] db url: mysql://root:root@localhost:3306/db
E1216 13:52:59.650 19391 urls_table_handler.cpp:20] [MYSQL] Task failed with error: URI Parse Failed
D1216 14:07:53.953 27633 main.cpp:80] db url: mysql://root:root@localhost:3306/db
E1216 14:07:53.953 27638 urls_table_handler.cpp:21] [MYSQL] Task failed with error: URI Parse Failed
D1216 14:07:58.392 27710 main.cpp:80] db url: mysql://root:root@localhost:3306/db
E1216 14:07:58.392 27715 urls_table_handler.cpp:21] [MYSQL] Task failed with error: URI Parse Failed
D1216 14:07:59.687 27746 main.cpp:80] db url: mysql://root:root@localhost:3306/db
E1216 14:07:59.687 27751 urls_table_handler.cpp:21] [MYSQL] Task failed with error: URI Parse Failed
D1216 14:08:33.227 28333 main.cpp:80] db url: mysql://root:root@localhost:3306/db
E1216 14:08:33.227 28338 urls_table_handler.cpp:21] [MYSQL] Task failed with error: URI Parse Failed
D1216 14:25:15.912 37853 main.cpp:80] db url: mysql://root:root@localhost:3306/db
E1216 14:25:15.912 37858 urls_table_handler.cpp:43] [MYSQL] Task failed with error: URI Parse Failed
D1216 14:33:30.318 42609 main.cpp:80] db url: mysql://root:root@localhost:3306/db
E1216 14:33:30.318 42614 urls_table_handler.cpp:43] [MYSQL] Task failed with error: URI Parse Failed
D1216 14:34:24.147 43160 main.cpp:80] db url: mysql://root:root@localhost:3306/db
E1216 14:34:24.147 43183 urls_table_handler.cpp:43] [MYSQL] Task failed with error: URI Parse Failed
D1216 14:41:20.862 47072 main.cpp:80] db url: mysql://root:root@localhost:3306/db
E1216 14:41:20.862 47077 urls_table_handler.cpp:43] [MYSQL] Task failed with error: URI Parse Failed
D1216 15:00:10.187 55937 main.cpp:80] db url: mysql://root:root@localhost:3306/db
E1216 15:00:10.187 55942 urls_table_handler.cpp:47] [MYSQL] Task failed with error: URI Parse Failed
D1216 16:15:41.587 82749 main.cpp:80] db url: mysql://root:root@localhost:3306/db
E1216 16:15:41.587 82754 urls_table_handler.cpp:47] [MYSQL] Task failed with error: URI Parse Failed
D1216 16:17:27.477 84552 main.cpp:82] db url: mysql://root:root@localhost:3306/db
E1216 16:17:27.477 84558 urls_table_handler.cpp:47] [MYSQL] Task failed with error: Aborted
D1216 16:28:40.816 89530 main.cpp:85] db url: mysql://root:root@localhost:3306/db
D1216 16:28:51.314 89622 main.cpp:85] db url: mysql://root:root@localhost:3306/db
D1216 16:29:00.580 89711 main.cpp:85] db url: mysql://root:root@localhost:3306/db
D1216 16:32:46.141 94922 main.cpp:89] db url: mysql://root:root@localhost:3306/db
E1216 16:32:46.141 94931 urls_table_handler.cpp:50] [MYSQL] Task failed with error: Aborted
D1216 16:35:26.571 97168 main.cpp:90] db url: mysql://root:root@localhost:3306/db
E1216 16:35:26.571 97168 main.cpp:97] Could not start server. Error code: -1
E1216 16:35:26.571 97177 urls_table_handler.cpp:50] [MYSQL] Task failed with error: Aborted
D1216 16:36:44.351 97927 main.cpp:90] db url: mysql://root:root@localhost:3306/db
E1216 16:36:44.351 97927 main.cpp:97] Could not start server. Error code: -1
E1216 16:36:44.351 97936 urls_table_handler.cpp:50] [MYSQL] Task failed with error: Aborted
D1216 16:36:59.299 98080 main.cpp:90] db url: mysql://root:root@localhost:3306/db
E1216 16:36:59.299 98080 main.cpp:97] Could not start server. Error code: -1
E1216 16:36:59.299 98090 urls_table_handler.cpp:50] [MYSQL] Task failed with error: Aborted
D1216 16:37:07.063 98207 main.cpp:90] db url: mysql://root:root@localhost:3306/db
E1216 16:37:07.063 98207 main.cpp:97] Could not start server. Error code: -1
E1216 16:37:07.063 98215 urls_table_handler.cpp:50] [MYSQL] Task failed with error: Aborted
D1216 16:37:23.587 98354 main.cpp:90] db url: mysql://root:root@localhost:3306/db
E1216 16:37:23.587 98354 main.cpp:97] Could not start server. Error code: -1
E1216 16:37:23.587 98363 urls_table_handler.cpp:50] [MYSQL] Task failed with error: Aborted
I1216 16:37:41.937 98765 urls_table_handler.cpp:56] 
0
I1216 16:37:41.937 98765 urls_table_handler.cpp:58] KEK
D1216 16:42:21.877 98757 main.cpp:90] db url: mysql://root:root@localhost:3306/db
E1216 16:42:21.877 98757 main.cpp:97] Could not start server. Error code: -1
I1216 16:45:18.838 1151 urls_table_handler.cpp:56] 
1
I1216 16:45:18.838 1151 urls_table_handler.cpp:58] KEK
D1216 16:53:58.198 1480 main.cpp:90] db url: mysql://root:root@localhost:3306/db
E1216 16:53:58.198 1480 main.cpp:97] Could not start server. Error code: -1
D1216 17:09:08.463 6788 main.cpp:94] db url: mysql://root:root@localhost:3306/db
E1216 17:09:08.463 6788 main.cpp:101] Could not start server. Error code: -1
F1216 17:11:12.540] SIGSEGV: segmentation fault
I1216 17:12:51.272 13142 urls_table_handler.cpp:116] 2
F1216 17:12:51.272] SIGSEGV: segmentation fault
I1216 17:13:36.346 13496 urls_table_handler.cpp:116] 2
D1216 17:14:26.450 13486 main.cpp:94] db url: mysql://root:root@localhost:3306/db
E1216 17:14:26.450 13486 main.cpp:101] Could not start server. Error code: -1
I1216 17:14:33.790 14098 urls_table_handler.cpp:116] INFO 
I1216 17:14:33.790 14098 urls_table_handler.cpp:117] 2
I1216 17:14:59.340 14283 urls_table_handler.cpp:116] INFO 
I1216 17:14:59.340 14283 urls_table_handler.cpp:117] 2
I1216 17:15:12.138 14579 urls_table_handler.cpp:116] INFO 
I1216 17:15:12.138 14579 urls_table_handler.cpp:117] 2
F1216 17:15:12.138] SIGSEGV: segmentation fault
I1216 17:15:43.648 14897 urls_table_handler.cpp:116] INFO 
I1216 17:15:43.648 14897 urls_table_handler.cpp:117] 2
F1216 17:15:43.648] SIGSEGV: segmentation fault
I1216 17:16:41.047 15363 urls_table_handler.cpp:116] INFO false
I1216 17:16:41.047 15363 urls_table_handler.cpp:117] 2
F1216 17:16:41.047] SIGSEGV: segmentation fault
I1216 17:16:53.157 15479 urls_table_handler.cpp:116] INFO 0
I1216 17:16:53.157 15479 urls_table_handler.cpp:117] 2
F1216 17:16:53.157] SIGSEGV: segmentation fault
F1216 17:18:31.894] SIGABRT: aborted
D1216 17:30:58.788 22986 main.cpp:96] db url: mysql://root:root@localhost:3306/db
E1216 17:30:58.788 22986 main.cpp:103] Could not start server. Error code: -1
I1216 17:31:05.812 24080 urls_table_handler.cpp:58] 
1
I1216 17:31:05.812 24080 urls_table_handler.cpp:60] KEK
D1216 17:32:40.018 24067 main.cpp:96] db url: mysql://root:root@localhost:3306/db
E1216 17:32:40.018 24067 main.cpp:103] Could not start server. Error code: -1
I1216 17:35:11.935 27367 urls_table_handler.cpp:58] 
0
I1216 17:35:11.935 27367 urls_table_handler.cpp:60] KEK
D1216 17:36:14.995 27356 main.cpp:97] db url: mysql://root:root@localhost:3306/db
E1216 17:36:14.995 27356 main.cpp:104] Could not start server. Error code: -1
E1216 17:36:27.117 27839 urls_table_handler.cpp:40] [MYSQL] Task failed with error code: 1062 , error message: 
D1216 17:38:27.888 27834 main.cpp:97] db url: mysql://root:root@localhost:3306/db
E1216 17:38:27.888 27834 main.cpp:104] Could not start server. Error code: -1
E1216 17:39:07.106 28916 urls_table_handler.cpp:40] [MYSQL] Task failed with error code: 1062 , error message: 
D1216 17:43:28.775 28907 main.cpp:100] db url: mysql://root:root@localhost:3306/db
E1216 17:43:28.775 28907 main.cpp:107] Could not start server. Error code: -1
E1216 17:44:59.612 30816 urls_table_handler.cpp:42] [MYSQL] Task failed with error code: 1062 , error message: 
D1216 17:45:45.893 30805 main.cpp:100] db url: mysql://root:root@localhost:3306/db
E1216 17:45:45.893 30805 main.cpp:107] Could not start server. Error code: -1
E1216 17:46:37.410 31374 urls_table_handler.cpp:42] [MYSQL] Task failed with error code: 1062 , error message: 
D1216 17:47:49.071 31365 main.cpp:95] db url: mysql://root:root@localhost:3306/db
E1216 17:47:49.071 31365 main.cpp:102] Could not start server. Error code: -1
E1216 17:49:18.878 32023 urls_table_handler.cpp:43] [MYSQL] Task failed with error code: 1062 , error message: 
D1216 17:49:47.338 32011 main.cpp:95] db url: mysql://root:root@localhost:3306/db
E1216 17:49:47.338 32011 main.cpp:102] Could not start server. Error code: -1
E1216 17:49:58.865 32253 urls_table_handler.cpp:42] [MYSQL] Task failed with error code: 1062 , error message: 
D1216 17:59:59.281 32244 main.cpp:95] db url: mysql://root:root@localhost:3306/db
E1216 17:59:59.281 32244 main.cpp:102] Could not start server. Error code: -1
E1216 18:00:07.932 38320 urls_table_handler.cpp:32] [MYSQL] Task failed with error code: 1062 , error message: 
D1216 18:01:50.366 38311 main.cpp:94] db url: mysql://root:root@localhost:3306/db
E1216 18:01:50.366 38311 main.cpp:101] Could not start server. Error code: -1
E1216 18:02:30.957 39957 urls_table_handler.cpp:32] [MYSQL] Task failed with error code: 1062 , error message: 
D1216 18:02:47.879 39947 main.cpp:94] db url: mysql://root:root@localhost:3306/db
E1216 18:02:47.879 39947 main.cpp:101] Could not start server. Error code: -1
E1216 18:02:54.377 40349 urls_table_handler.cpp:32] [MYSQL] Task failed with error code: 1062 , error message: 
D1216 18:04:06.810 40339 main.cpp:94] db url: mysql://root:root@localhost:3306/db
E1216 18:04:06.810 40339 main.cpp:101] Could not start server. Error code: -1
E1216 21:35:14.064 51847 urls_table_handler.cpp:32] [MYSQL] Task failed with error code: 1062 , error message: 
D1216 21:38:13.653 51837 main.cpp:89] db url: mysql://root:root@localhost:3306/db
E1216 21:38:13.653 51837 main.cpp:96] Could not start server. Error code: -1
I1216 21:38:22.820 55178 main.cpp:56] db url: mysql://root:root@localhost:3306/db
I1216 21:38:36.173 55340 main.cpp:56] db url: mysql://root:root@localhost:3306/db
E1216 21:38:36.173 55340 main.cpp:70] Could not start server. Error code: -1
I1216 21:38:46.616 55566 main.cpp:56] db url: mysql://root:root@localhost:3306/db
I1216 21:39:01.289 55685 main.cpp:56] db url: mysql://root:root@localhost:3306/db
